#
# There is insufficient memory for the Java Runtime Environment to continue.
# Native memory allocation (mmap) failed to map 264241152 bytes for G1 virtual space
# Possible reasons:
#   The system is out of physical RAM or swap space
#   The process is running with CompressedOops enabled, and the Java Heap may be blocking the growth of the native heap
# Possible solutions:
#   Reduce memory load on the system
#   Increase physical memory or swap space
#   Check if swap backing store is full
#   Decrease Java heap size (-Xmx/-Xms)
#   Decrease number of Java threads
#   Decrease Java thread stack sizes (-Xss)
#   Set larger code cache with -XX:ReservedCodeCacheSize=
#   JVM is running with Zero Based Compressed Oops mode in which the Java heap is
#     placed in the first 32GB address space. The Java Heap base address is the
#     maximum limit for the native heap growth. Please use -XX:HeapBaseMinAddress
#     to set the Java Heap base and to place the Java Heap above 32GB virtual address.
# This output file may be truncated or incomplete.
#
#  Out of Memory Error (os_windows.cpp:3600), pid=28828, tid=11836
#
# JRE version:  (21.0.1+12) (build )
# Java VM: Java HotSpot(TM) 64-Bit Server VM (21.0.1+12-LTS-29, mixed mode, sharing, tiered, compressed oops, compressed class ptrs, g1 gc, windows-amd64)
# No core dump will be written. Minidumps are not enabled by default on client versions of Windows
#

---------------  S U M M A R Y ------------

Command Line: -Dfile.encoding=UTF-8 -Dstdout.encoding=UTF-8 -Dstderr.encoding=UTF-8 -XX:+ShowCodeDetailsInExceptionMessages Main

Host: 12th Gen Intel(R) Core(TM) i5-12500H, 16 cores, 15G,  Windows 11 , 64 bit Build 22621 (10.0.22621.2506)
Time: Fri Jan  5 15:45:30 2024 India Standard Time elapsed time: 0.011371 seconds (0d 0h 0m 0s)

---------------  T H R E A D  ---------------

Current thread (0x000002b6bf6c9e60):  JavaThread "Unknown thread" [_thread_in_vm, id=11836, stack(0x000000d6e1000000,0x000000d6e1100000) (1024K)]

Stack: [0x000000d6e1000000,0x000000d6e1100000]
Native frames: (J=compiled Java code, j=interpreted, Vv=VM code, C=native code)
V  [jvm.dll+0x6c9029]
V  [jvm.dll+0x854b81]
V  [jvm.dll+0x856e5e]
V  [jvm.dll+0x857543]
V  [jvm.dll+0x280c06]
V  [jvm.dll+0x6c5715]
V  [jvm.dll+0x6ba10a]
V  [jvm.dll+0x3557ea]
V  [jvm.dll+0x35d436]
V  [jvm.dll+0x3ae1be]
V  [jvm.dll+0x3ae468]
V  [jvm.dll+0x3291fc]
V  [jvm.dll+0x329d8b]
V  [jvm.dll+0x81d179]
V  [jvm.dll+0x3bb4f1]
V  [jvm.dll+0x805ae8]
V  [jvm.dll+0x44effe]
V  [jvm.dll+0x450901]
C  [jli.dll+0x52a3]
C  [ucrtbase.dll+0x29363]
C  [KERNEL32.DLL+0x1257d]
C  [ntdll.dll+0x5aa58]


---------------  P R O C E S S  ---------------

Threads class SMR info:
_java_thread_list=0x00007ff91d579b88, length=0, elements={
}

Java Threads: ( => current thread )
Total: 0

Other Threads:
  0x000002b6c19a5610 WorkerThread "GC Thread#0"                     [id=23316, stack(0x000000d6e1100000,0x000000d6e1200000) (1024K)]
  0x000002b6c19b62b0 ConcurrentGCThread "G1 Main Marker"            [id=30124, stack(0x000000d6e1200000,0x000000d6e1300000) (1024K)]
  0x000002b6c19b7550 WorkerThread "G1 Conc#0"                       [id=28476, stack(0x000000d6e1300000,0x000000d6e1400000) (1024K)]

[error occurred during error reporting (printing all threads), id 0xc0000005, EXCEPTION_ACCESS_VIOLATION (0xc0000005) at pc=0x00007ff91ccec2c7]
VM state: not at safepoint (not fully initialized)

VM Mutex/Monitor currently owned by a thread:  ([mutex/lock_event])
[0x00007ff91d5ea6f8] Heap_lock - owner thread: 0x000002b6bf6c9e60

Heap address: 0x0000000704e00000, size: 4018 MB, Compressed Oops mode: Zero based, Oop shift amount: 3

CDS archive(s) mapped at: [0x0000000000000000-0x0000000000000000-0x0000000000000000), size 0, SharedBaseAddress: 0x0000000800000000, ArchiveRelocationMode: 1.
Narrow klass base: 0x0000000000000000, Narrow klass shift: 0, Narrow klass range: 0x0

GC Precious Log:
 CardTable entry size: 512
 Card Set container configuration: InlinePtr #cards 4 size 8 Array Of Cards #cards 16 size 48 Howl #buckets 8 coarsen threshold 3686 Howl Bitmap #cards 512 size 80 coarsen threshold 460 Card regions per heap region 1 cards per card region 4096

Heap:
 garbage-first heap   total 0K, used 0K [0x0000000704e00000, 0x0000000800000000)
  region size 2048K, 0 young (0K), 0 survivors (0K)

[error occurred during error reporting (printing heap information), id 0xc0000005, EXCEPTION_ACCESS_VIOLATION (0xc0000005) at pc=0x00007ff91d0d1be9]
GC Heap History (0 events):
No events

Dll operation events (1 events):
Event: 0.006 Loaded shared library C:\Program Files\Java\jdk-21\bin\java.dll

Deoptimization events (0 events):
No events

Classes loaded (0 events):
No events

Classes unloaded (0 events):
No events

Classes redefined (0 events):
No events

Internal exceptions (0 events):
No events

ZGC Phase Switch (0 events):
No events

VM Operations (0 events):
No events

Events (0 events):
No events


Dynamic libraries:
0x00007ff6eeb20000 - 0x00007ff6eeb30000 	C:\Program Files\Java\jdk-21\bin\javaw.exe
0x00007ff99e950000 - 0x00007ff99eb67000 	C:\Windows\SYSTEM32\ntdll.dll
0x00007ff99d860000 - 0x00007ff99d924000 	C:\Windows\System32\KERNEL32.DLL
0x00007ff99c010000 - 0x00007ff99c3b6000 	C:\Windows\System32\KERNELBASE.dll
0x00007ff99bcc0000 - 0x00007ff99bdd1000 	C:\Windows\System32\ucrtbase.dll
0x00007ff97c310000 - 0x00007ff97c32b000 	C:\Program Files\Java\jdk-21\bin\VCRUNTIME140.dll
0x00007ff97c330000 - 0x00007ff97c349000 	C:\Program Files\Java\jdk-21\bin\jli.dll
0x00007ff99d250000 - 0x00007ff99d301000 	C:\Windows\System32\ADVAPI32.dll
0x00007ff99c6a0000 - 0x00007ff99c747000 	C:\Windows\System32\msvcrt.dll
0x00007ff99e4b0000 - 0x00007ff99e555000 	C:\Windows\System32\sechost.dll
0x00007ff99e560000 - 0x00007ff99e677000 	C:\Windows\System32\RPCRT4.dll
0x00007ff99e710000 - 0x00007ff99e8be000 	C:\Windows\System32\USER32.dll
0x00007ff99c550000 - 0x00007ff99c576000 	C:\Windows\System32\win32u.dll
0x00007ff97d2b0000 - 0x00007ff97d543000 	C:\Windows\WinSxS\amd64_microsoft.windows.common-controls_6595b64144ccf1df_6.0.22621.2506_none_270c5ae97388e100\COMCTL32.dll
0x00007ff99d040000 - 0x00007ff99d069000 	C:\Windows\System32\GDI32.dll
0x00007ff99c580000 - 0x00007ff99c698000 	C:\Windows\System32\gdi32full.dll
0x00007ff99c3c0000 - 0x00007ff99c45a000 	C:\Windows\System32\msvcp_win.dll
0x00007ff98f320000 - 0x00007ff98f32a000 	C:\Windows\SYSTEM32\VERSION.dll
0x00007ff99d210000 - 0x00007ff99d241000 	C:\Windows\System32\IMM32.DLL
0x00007ff980bf0000 - 0x00007ff980bfc000 	C:\Program Files\Java\jdk-21\bin\vcruntime140_1.dll
0x00007ff963000000 - 0x00007ff96308e000 	C:\Program Files\Java\jdk-21\bin\msvcp140.dll
0x00007ff91c9b0000 - 0x00007ff91d6c5000 	C:\Program Files\Java\jdk-21\bin\server\jvm.dll
0x00007ff99dfb0000 - 0x00007ff99e021000 	C:\Windows\System32\WS2_32.dll
0x00007ff99ab10000 - 0x00007ff99ab5d000 	C:\Windows\SYSTEM32\POWRPROF.dll
0x00007ff991600000 - 0x00007ff991634000 	C:\Windows\SYSTEM32\WINMM.dll
0x00007ff99aaf0000 - 0x00007ff99ab03000 	C:\Windows\SYSTEM32\UMPDC.dll
0x00007ff99adb0000 - 0x00007ff99adc8000 	C:\Windows\SYSTEM32\kernel.appcore.dll
0x00007ff97f1a0000 - 0x00007ff97f1aa000 	C:\Program Files\Java\jdk-21\bin\jimage.dll
0x00007ff998dc0000 - 0x00007ff998ff3000 	C:\Windows\SYSTEM32\DBGHELP.DLL
0x00007ff99db80000 - 0x00007ff99df09000 	C:\Windows\System32\combase.dll
0x00007ff99d930000 - 0x00007ff99da07000 	C:\Windows\System32\OLEAUT32.dll
0x00007ff9869a0000 - 0x00007ff9869d2000 	C:\Windows\SYSTEM32\dbgcore.DLL
0x00007ff99c4d0000 - 0x00007ff99c54a000 	C:\Windows\System32\bcryptPrimitives.dll
0x00007ff962fe0000 - 0x00007ff962fff000 	C:\Program Files\Java\jdk-21\bin\java.dll

dbghelp: loaded successfully - version: 4.0.5 - missing functions: none
symbol engine: initialized successfully - sym options: 0x614 - pdb path: .;C:\Program Files\Java\jdk-21\bin;C:\Windows\SYSTEM32;C:\Windows\WinSxS\amd64_microsoft.windows.common-controls_6595b64144ccf1df_6.0.22621.2506_none_270c5ae97388e100;C:\Program Files\Java\jdk-21\bin\server

VM Arguments:
jvm_args: -Dfile.encoding=UTF-8 -Dstdout.encoding=UTF-8 -Dstderr.encoding=UTF-8 -XX:+ShowCodeDetailsInExceptionMessages 
java_command: Main
java_class_path (initial): C:\Users\TAWFEEQ RIFAT J\eclipse-workspace\Timer\bin
Launcher Type: SUN_STANDARD

[Global flags]
     intx CICompilerCount                          = 12                                        {product} {ergonomic}
     uint ConcGCThreads                            = 3                                         {product} {ergonomic}
     uint G1ConcRefinementThreads                  = 13                                        {product} {ergonomic}
   size_t G1HeapRegionSize                         = 2097152                                   {product} {ergonomic}
    uintx GCDrainStackTargetSize                   = 64                                        {product} {ergonomic}
   size_t InitialHeapSize                          = 264241152                                 {product} {ergonomic}
   size_t MarkStackSize                            = 4194304                                   {product} {ergonomic}
   size_t MaxHeapSize                              = 4213178368                                {product} {ergonomic}
   size_t MinHeapDeltaBytes                        = 2097152                                   {product} {ergonomic}
   size_t MinHeapSize                              = 8388608                                   {product} {ergonomic}
    uintx NonNMethodCodeHeapSize                   = 7602480                                {pd product} {ergonomic}
    uintx NonProfiledCodeHeapSize                  = 122027880                              {pd product} {ergonomic}
    uintx ProfiledCodeHeapSize                     = 122027880                              {pd product} {ergonomic}
    uintx ReservedCodeCacheSize                    = 251658240                              {pd product} {ergonomic}
     bool SegmentedCodeCache                       = true                                      {product} {ergonomic}
     bool ShowCodeDetailsInExceptionMessages       = true                                   {manageable} {command line}
   size_t SoftMaxHeapSize                          = 4213178368                             {manageable} {ergonomic}
     bool UseCompressedOops                        = true                           {product lp64_product} {ergonomic}
     bool UseG1GC                                  = true                                      {product} {ergonomic}
     bool UseLargePagesIndividualAllocation        = false                                  {pd product} {ergonomic}

Logging:
Log output configuration:
 #0: stdout all=warning uptime,level,tags foldmultilines=false
 #1: stderr all=off uptime,level,tags foldmultilines=false

Environment Variables:
PATH=C:/Users/TAWFEEQ RIFAT J/.p2/pool/plugins/org.eclipse.justj.openjdk.hotspot.jre.full.win32.x86_64_17.0.9.v20231028-0858/jre/bin/server;C:/Users/TAWFEEQ RIFAT J/.p2/pool/plugins/org.eclipse.justj.openjdk.hotspot.jre.full.win32.x86_64_17.0.9.v20231028-0858/jre/bin;C:\Program Files\Common Files\Oracle\Java\javapath;C:\oracle_db\dbhomeXE\bin;C:\Windows\system32;C:\Windows;C:\Windows\System32\Wbem;C:\Windows\System32\WindowsPowerShell\v1.0\;C:\Windows\System32\OpenSSH\;C:\Program Files\dotnet\;C:\Program Files\NVIDIA Corporation\NVIDIA NvDLISR;C:\Program Files\Git\cmd;C:\Program Files\Git\bin;C:\src\flutter\bin;;C:\Program Files (x86)\NVIDIA Corporation\PhysX\Common;C:\Users\TAWFEEQ RIFAT J\AppData\Local\Microsoft\WindowsApps;C:\Users\TAWFEEQ RIFAT J\AppData\Local\Programs\Microsoft VS Code\bin;C:\ytdl;C:\msys64\ucrt64\bin;;C:\Users\TAWFEEQ RIFAT J\Desktop;
USERNAME=TAWFEEQ RIFAT J
OS=Windows_NT
PROCESSOR_IDENTIFIER=Intel64 Family 6 Model 154 Stepping 3, GenuineIntel
TMP=C:\Users\TAWFEE~1\AppData\Local\Temp
TEMP=C:\Users\TAWFEE~1\AppData\Local\Temp




Periodic native trim disabled

---------------  S Y S T E M  ---------------

OS:
 Windows 11 , 64 bit Build 22621 (10.0.22621.2506)
OS uptime: 1 days 2:02 hours
Hyper-V role detected

CPU: total 16 (initial active 16) (8 cores per cpu, 2 threads per core) family 6 model 154 stepping 3 microcode 0x42c, cx8, cmov, fxsr, ht, mmx, 3dnowpref, sse, sse2, sse3, ssse3, sse4.1, sse4.2, popcnt, lzcnt, tsc, tscinvbit, avx, avx2, aes, erms, clmul, bmi1, bmi2, adx, sha, fma, vzeroupper, clflush, clflushopt, clwb, hv, serialize, rdtscp, rdpid, fsrm, f16c, cet_ibt, cet_ss
Processor Information for processor 0
  Max Mhz: 2500, Current Mhz: 2500, Mhz Limit: 2500
Processor Information for processor 1
  Max Mhz: 2500, Current Mhz: 2500, Mhz Limit: 2500
Processor Information for processor 2
  Max Mhz: 2500, Current Mhz: 2500, Mhz Limit: 2500
Processor Information for processor 3
  Max Mhz: 2500, Current Mhz: 2500, Mhz Limit: 2500
Processor Information for processor 4
  Max Mhz: 2500, Current Mhz: 2500, Mhz Limit: 2500
Processor Information for processor 5
  Max Mhz: 2500, Current Mhz: 2500, Mhz Limit: 2500
Processor Information for processor 6
  Max Mhz: 2500, Current Mhz: 2500, Mhz Limit: 2500
Processor Information for processor 7
  Max Mhz: 2500, Current Mhz: 2500, Mhz Limit: 2500
Processor Information for processor 8
  Max Mhz: 2500, Current Mhz: 1800, Mhz Limit: 1800
Processor Information for processor 9
  Max Mhz: 2500, Current Mhz: 1800, Mhz Limit: 1800
Processor Information for processor 10
  Max Mhz: 2500, Current Mhz: 1800, Mhz Limit: 1800
Processor Information for processor 11
  Max Mhz: 2500, Current Mhz: 1800, Mhz Limit: 1800
Processor Information for processor 12
  Max Mhz: 2500, Current Mhz: 1500, Mhz Limit: 1800
Processor Information for processor 13
  Max Mhz: 2500, Current Mhz: 1500, Mhz Limit: 1800
Processor Information for processor 14
  Max Mhz: 2500, Current Mhz: 1500, Mhz Limit: 1800
Processor Information for processor 15
  Max Mhz: 2500, Current Mhz: 1500, Mhz Limit: 1800

Memory: 4k page, system-wide physical 16068M (5290M free)
TotalPageFile size 41371M (AvailPageFile size 244M)
current process WorkingSet (physical memory assigned to process): 12M, peak: 12M
current process commit charge ("private bytes"): 70M, peak: 322M

vm_info: Java HotSpot(TM) 64-Bit Server VM (21.0.1+12-LTS-29) for windows-amd64 JRE (21.0.1+12-LTS-29), built on 2023-10-05T13:27:09Z by "mach5one" with MS VC++ 17.1 (VS2022)

END.
